versions pytest-7.1.2, python-3.8.10.final.0
cwd=/home/ddenk/skillbox/docker-phpfpm-nginx/molecule/docker_phpfpm
args=('--ansible-inventory', '/home/ddenk/.cache/molecule/docker_phpfpm/default/inventory', '--connection', 'ansible', '--debug', '-p', 'no:cacheprovider', '/home/ddenk/skillbox/docker-phpfpm-nginx/molecule/docker_phpfpm/molecule/default/tests/test_default.py', '-vvv')

  pytest_cmdline_main [hook]
      config: <_pytest.config.Config object at 0x7fd5974e7ee0>
    pytest_plugin_registered [hook]
        plugin: <Session ddenk exitstatus='<UNSET>' testsfailed=0 testscollected=0>
        manager: <_pytest.config.PytestPluginManager object at 0x7fd5975aefa0>
    finish pytest_plugin_registered --> [] [hook]
    pytest_configure [hook]
        config: <_pytest.config.Config object at 0x7fd5974e7ee0>
    early skip of rewriting module: faulthandler [assertion]
      pytest_plugin_registered [hook]
          plugin: <class '_pytest.legacypath.LegacyTmpdirPlugin'>
          manager: <_pytest.config.PytestPluginManager object at 0x7fd5975aefa0>
      finish pytest_plugin_registered --> [] [hook]
    early skip of rewriting module: pdb [assertion]
    early skip of rewriting module: cmd [assertion]
    early skip of rewriting module: code [assertion]
    early skip of rewriting module: codeop [assertion]
      pytest_plugin_registered [hook]
          plugin: <_pytest.config.PytestPluginManager object at 0x7fd5975aefa0>
          manager: <_pytest.config.PytestPluginManager object at 0x7fd5975aefa0>
      finish pytest_plugin_registered --> [] [hook]
      pytest_plugin_registered [hook]
          plugin: <_pytest.config.Config object at 0x7fd5974e7ee0>
          manager: <_pytest.config.PytestPluginManager object at 0x7fd5975aefa0>
      finish pytest_plugin_registered --> [] [hook]
      pytest_plugin_registered [hook]
          plugin: <module '_pytest.mark' from '/home/ddenk/.local/lib/python3.8/site-packages/_pytest/mark/__init__.py'>
          manager: <_pytest.config.PytestPluginManager object at 0x7fd5975aefa0>
      finish pytest_plugin_registered --> [] [hook]
      pytest_plugin_registered [hook]
          plugin: <module '_pytest.main' from '/home/ddenk/.local/lib/python3.8/site-packages/_pytest/main.py'>
          manager: <_pytest.config.PytestPluginManager object at 0x7fd5975aefa0>
      finish pytest_plugin_registered --> [] [hook]
      pytest_plugin_registered [hook]
          plugin: <module '_pytest.runner' from '/home/ddenk/.local/lib/python3.8/site-packages/_pytest/runner.py'>
          manager: <_pytest.config.PytestPluginManager object at 0x7fd5975aefa0>
      finish pytest_plugin_registered --> [] [hook]
      pytest_plugin_registered [hook]
          plugin: <module '_pytest.fixtures' from '/home/ddenk/.local/lib/python3.8/site-packages/_pytest/fixtures.py'>
          manager: <_pytest.config.PytestPluginManager object at 0x7fd5975aefa0>
      finish pytest_plugin_registered --> [] [hook]
      pytest_plugin_registered [hook]
          plugin: <module '_pytest.helpconfig' from '/home/ddenk/.local/lib/python3.8/site-packages/_pytest/helpconfig.py'>
          manager: <_pytest.config.PytestPluginManager object at 0x7fd5975aefa0>
      finish pytest_plugin_registered --> [] [hook]
      pytest_plugin_registered [hook]
          plugin: <module '_pytest.python' from '/home/ddenk/.local/lib/python3.8/site-packages/_pytest/python.py'>
          manager: <_pytest.config.PytestPluginManager object at 0x7fd5975aefa0>
      finish pytest_plugin_registered --> [] [hook]
      pytest_plugin_registered [hook]
          plugin: <module '_pytest.terminal' from '/home/ddenk/.local/lib/python3.8/site-packages/_pytest/terminal.py'>
          manager: <_pytest.config.PytestPluginManager object at 0x7fd5975aefa0>
      finish pytest_plugin_registered --> [] [hook]
      pytest_plugin_registered [hook]
          plugin: <module '_pytest.debugging' from '/home/ddenk/.local/lib/python3.8/site-packages/_pytest/debugging.py'>
          manager: <_pytest.config.PytestPluginManager object at 0x7fd5975aefa0>
      finish pytest_plugin_registered --> [] [hook]
      pytest_plugin_registered [hook]
          plugin: <module '_pytest.unittest' from '/home/ddenk/.local/lib/python3.8/site-packages/_pytest/unittest.py'>
          manager: <_pytest.config.PytestPluginManager object at 0x7fd5975aefa0>
      finish pytest_plugin_registered --> [] [hook]
      pytest_plugin_registered [hook]
          plugin: <module '_pytest.capture' from '/home/ddenk/.local/lib/python3.8/site-packages/_pytest/capture.py'>
          manager: <_pytest.config.PytestPluginManager object at 0x7fd5975aefa0>
      finish pytest_plugin_registered --> [] [hook]
      pytest_plugin_registered [hook]
          plugin: <module '_pytest.skipping' from '/home/ddenk/.local/lib/python3.8/site-packages/_pytest/skipping.py'>
          manager: <_pytest.config.PytestPluginManager object at 0x7fd5975aefa0>
      finish pytest_plugin_registered --> [] [hook]
      pytest_plugin_registered [hook]
          plugin: <module '_pytest.legacypath' from '/home/ddenk/.local/lib/python3.8/site-packages/_pytest/legacypath.py'>
          manager: <_pytest.config.PytestPluginManager object at 0x7fd5975aefa0>
      finish pytest_plugin_registered --> [] [hook]
      pytest_plugin_registered [hook]
          plugin: <module '_pytest.tmpdir' from '/home/ddenk/.local/lib/python3.8/site-packages/_pytest/tmpdir.py'>
          manager: <_pytest.config.PytestPluginManager object at 0x7fd5975aefa0>
      finish pytest_plugin_registered --> [] [hook]
      pytest_plugin_registered [hook]
          plugin: <module '_pytest.monkeypatch' from '/home/ddenk/.local/lib/python3.8/site-packages/_pytest/monkeypatch.py'>
          manager: <_pytest.config.PytestPluginManager object at 0x7fd5975aefa0>
      finish pytest_plugin_registered --> [] [hook]
      pytest_plugin_registered [hook]
          plugin: <module '_pytest.recwarn' from '/home/ddenk/.local/lib/python3.8/site-packages/_pytest/recwarn.py'>
          manager: <_pytest.config.PytestPluginManager object at 0x7fd5975aefa0>
      finish pytest_plugin_registered --> [] [hook]
      pytest_plugin_registered [hook]
          plugin: <module '_pytest.pastebin' from '/home/ddenk/.local/lib/python3.8/site-packages/_pytest/pastebin.py'>
          manager: <_pytest.config.PytestPluginManager object at 0x7fd5975aefa0>
      finish pytest_plugin_registered --> [] [hook]
      pytest_plugin_registered [hook]
          plugin: <module '_pytest.nose' from '/home/ddenk/.local/lib/python3.8/site-packages/_pytest/nose.py'>
          manager: <_pytest.config.PytestPluginManager object at 0x7fd5975aefa0>
      finish pytest_plugin_registered --> [] [hook]
      pytest_plugin_registered [hook]
          plugin: <module '_pytest.assertion' from '/home/ddenk/.local/lib/python3.8/site-packages/_pytest/assertion/__init__.py'>
          manager: <_pytest.config.PytestPluginManager object at 0x7fd5975aefa0>
      finish pytest_plugin_registered --> [] [hook]
      pytest_plugin_registered [hook]
          plugin: <module '_pytest.junitxml' from '/home/ddenk/.local/lib/python3.8/site-packages/_pytest/junitxml.py'>
          manager: <_pytest.config.PytestPluginManager object at 0x7fd5975aefa0>
      finish pytest_plugin_registered --> [] [hook]
      pytest_plugin_registered [hook]
          plugin: <module '_pytest.doctest' from '/home/ddenk/.local/lib/python3.8/site-packages/_pytest/doctest.py'>
          manager: <_pytest.config.PytestPluginManager object at 0x7fd5975aefa0>
      finish pytest_plugin_registered --> [] [hook]
      pytest_plugin_registered [hook]
          plugin: <module '_pytest.freeze_support' from '/home/ddenk/.local/lib/python3.8/site-packages/_pytest/freeze_support.py'>
          manager: <_pytest.config.PytestPluginManager object at 0x7fd5975aefa0>
      finish pytest_plugin_registered --> [] [hook]
      pytest_plugin_registered [hook]
          plugin: <module '_pytest.setuponly' from '/home/ddenk/.local/lib/python3.8/site-packages/_pytest/setuponly.py'>
          manager: <_pytest.config.PytestPluginManager object at 0x7fd5975aefa0>
      finish pytest_plugin_registered --> [] [hook]
      pytest_plugin_registered [hook]
          plugin: <module '_pytest.setupplan' from '/home/ddenk/.local/lib/python3.8/site-packages/_pytest/setupplan.py'>
          manager: <_pytest.config.PytestPluginManager object at 0x7fd5975aefa0>
      finish pytest_plugin_registered --> [] [hook]
      pytest_plugin_registered [hook]
          plugin: <module '_pytest.warnings' from '/home/ddenk/.local/lib/python3.8/site-packages/_pytest/warnings.py'>
          manager: <_pytest.config.PytestPluginManager object at 0x7fd5975aefa0>
      finish pytest_plugin_registered --> [] [hook]
      pytest_plugin_registered [hook]
          plugin: <module '_pytest.logging' from '/home/ddenk/.local/lib/python3.8/site-packages/_pytest/logging.py'>
          manager: <_pytest.config.PytestPluginManager object at 0x7fd5975aefa0>
      finish pytest_plugin_registered --> [] [hook]
      pytest_plugin_registered [hook]
          plugin: <module '_pytest.reports' from '/home/ddenk/.local/lib/python3.8/site-packages/_pytest/reports.py'>
          manager: <_pytest.config.PytestPluginManager object at 0x7fd5975aefa0>
      finish pytest_plugin_registered --> [] [hook]
      pytest_plugin_registered [hook]
          plugin: <module '_pytest.python_path' from '/home/ddenk/.local/lib/python3.8/site-packages/_pytest/python_path.py'>
          manager: <_pytest.config.PytestPluginManager object at 0x7fd5975aefa0>
      finish pytest_plugin_registered --> [] [hook]
      pytest_plugin_registered [hook]
          plugin: <module '_pytest.unraisableexception' from '/home/ddenk/.local/lib/python3.8/site-packages/_pytest/unraisableexception.py'>
          manager: <_pytest.config.PytestPluginManager object at 0x7fd5975aefa0>
      finish pytest_plugin_registered --> [] [hook]
      pytest_plugin_registered [hook]
          plugin: <module '_pytest.threadexception' from '/home/ddenk/.local/lib/python3.8/site-packages/_pytest/threadexception.py'>
          manager: <_pytest.config.PytestPluginManager object at 0x7fd5975aefa0>
      finish pytest_plugin_registered --> [] [hook]
      pytest_plugin_registered [hook]
          plugin: <module '_pytest.faulthandler' from '/home/ddenk/.local/lib/python3.8/site-packages/_pytest/faulthandler.py'>
          manager: <_pytest.config.PytestPluginManager object at 0x7fd5975aefa0>
      finish pytest_plugin_registered --> [] [hook]
      pytest_plugin_registered [hook]
          plugin: <module 'testinfra.plugin' from '/home/ddenk/.local/lib/python3.8/site-packages/testinfra/plugin.py'>
          manager: <_pytest.config.PytestPluginManager object at 0x7fd5975aefa0>
      finish pytest_plugin_registered --> [] [hook]
      pytest_plugin_registered [hook]
          plugin: <CaptureManager _method='fd' _global_capturing=<MultiCapture out=<FDCapture 1 oldfd=5 _state='suspended' tmpfile=<_io.TextIOWrapper name="<_io.FileIO name=6 mode='rb+' closefd=True>" mode='r+' encoding='utf-8'>> err=<FDCapture 2 oldfd=7 _state='suspended' tmpfile=<_io.TextIOWrapper name="<_io.FileIO name=8 mode='rb+' closefd=True>" mode='r+' encoding='utf-8'>> in_=<FDCapture 0 oldfd=3 _state='started' tmpfile=<_io.TextIOWrapper name='/dev/null' mode='r' encoding='UTF-8'>> _state='suspended' _in_suspended=False> _capture_fixture=None>
          manager: <_pytest.config.PytestPluginManager object at 0x7fd5975aefa0>
      finish pytest_plugin_registered --> [] [hook]
      pytest_plugin_registered [hook]
          plugin: <Session ddenk exitstatus=<ExitCode.OK: 0> testsfailed=0 testscollected=0>
          manager: <_pytest.config.PytestPluginManager object at 0x7fd5975aefa0>
      finish pytest_plugin_registered --> [] [hook]
      pytest_plugin_registered [hook]
          plugin: <class '_pytest.legacypath.LegacyTmpdirPlugin'>
          manager: <_pytest.config.PytestPluginManager object at 0x7fd5975aefa0>
      finish pytest_plugin_registered --> [] [hook]
      pytest_plugin_registered [hook]
          plugin: <_pytest.terminal.TerminalReporter object at 0x7fd5973f8be0>
          manager: <_pytest.config.PytestPluginManager object at 0x7fd5975aefa0>
      finish pytest_plugin_registered --> [] [hook]
      pytest_plugin_registered [hook]
          plugin: <_pytest.logging.LoggingPlugin object at 0x7fd5973f85e0>
          manager: <_pytest.config.PytestPluginManager object at 0x7fd5975aefa0>
      finish pytest_plugin_registered --> [] [hook]
    finish pytest_configure --> [] [hook]
    pytest_sessionstart [hook]
        session: <Session ddenk exitstatus=<ExitCode.OK: 0> testsfailed=0 testscollected=0>
      pytest_plugin_registered [hook]
          plugin: <_pytest.config.PytestPluginManager object at 0x7fd5975aefa0>
          manager: <_pytest.config.PytestPluginManager object at 0x7fd5975aefa0>
      finish pytest_plugin_registered --> [] [hook]
      pytest_plugin_registered [hook]
          plugin: <_pytest.config.Config object at 0x7fd5974e7ee0>
          manager: <_pytest.config.PytestPluginManager object at 0x7fd5975aefa0>
      finish pytest_plugin_registered --> [] [hook]
      pytest_plugin_registered [hook]
          plugin: <module '_pytest.mark' from '/home/ddenk/.local/lib/python3.8/site-packages/_pytest/mark/__init__.py'>
          manager: <_pytest.config.PytestPluginManager object at 0x7fd5975aefa0>
      finish pytest_plugin_registered --> [] [hook]
      pytest_plugin_registered [hook]
          plugin: <module '_pytest.main' from '/home/ddenk/.local/lib/python3.8/site-packages/_pytest/main.py'>
          manager: <_pytest.config.PytestPluginManager object at 0x7fd5975aefa0>
      finish pytest_plugin_registered --> [] [hook]
      pytest_plugin_registered [hook]
          plugin: <module '_pytest.runner' from '/home/ddenk/.local/lib/python3.8/site-packages/_pytest/runner.py'>
          manager: <_pytest.config.PytestPluginManager object at 0x7fd5975aefa0>
      finish pytest_plugin_registered --> [] [hook]
      pytest_plugin_registered [hook]
          plugin: <module '_pytest.fixtures' from '/home/ddenk/.local/lib/python3.8/site-packages/_pytest/fixtures.py'>
          manager: <_pytest.config.PytestPluginManager object at 0x7fd5975aefa0>
      finish pytest_plugin_registered --> [] [hook]
      pytest_plugin_registered [hook]
          plugin: <module '_pytest.helpconfig' from '/home/ddenk/.local/lib/python3.8/site-packages/_pytest/helpconfig.py'>
          manager: <_pytest.config.PytestPluginManager object at 0x7fd5975aefa0>
      finish pytest_plugin_registered --> [] [hook]
      pytest_plugin_registered [hook]
          plugin: <module '_pytest.python' from '/home/ddenk/.local/lib/python3.8/site-packages/_pytest/python.py'>
          manager: <_pytest.config.PytestPluginManager object at 0x7fd5975aefa0>
      finish pytest_plugin_registered --> [] [hook]
      pytest_plugin_registered [hook]
          plugin: <module '_pytest.terminal' from '/home/ddenk/.local/lib/python3.8/site-packages/_pytest/terminal.py'>
          manager: <_pytest.config.PytestPluginManager object at 0x7fd5975aefa0>
      finish pytest_plugin_registered --> [] [hook]
      pytest_plugin_registered [hook]
          plugin: <module '_pytest.debugging' from '/home/ddenk/.local/lib/python3.8/site-packages/_pytest/debugging.py'>
          manager: <_pytest.config.PytestPluginManager object at 0x7fd5975aefa0>
      finish pytest_plugin_registered --> [] [hook]
      pytest_plugin_registered [hook]
          plugin: <module '_pytest.unittest' from '/home/ddenk/.local/lib/python3.8/site-packages/_pytest/unittest.py'>
          manager: <_pytest.config.PytestPluginManager object at 0x7fd5975aefa0>
      finish pytest_plugin_registered --> [] [hook]
      pytest_plugin_registered [hook]
          plugin: <module '_pytest.capture' from '/home/ddenk/.local/lib/python3.8/site-packages/_pytest/capture.py'>
          manager: <_pytest.config.PytestPluginManager object at 0x7fd5975aefa0>
      finish pytest_plugin_registered --> [] [hook]
      pytest_plugin_registered [hook]
          plugin: <module '_pytest.skipping' from '/home/ddenk/.local/lib/python3.8/site-packages/_pytest/skipping.py'>
          manager: <_pytest.config.PytestPluginManager object at 0x7fd5975aefa0>
      finish pytest_plugin_registered --> [] [hook]
      pytest_plugin_registered [hook]
          plugin: <module '_pytest.legacypath' from '/home/ddenk/.local/lib/python3.8/site-packages/_pytest/legacypath.py'>
          manager: <_pytest.config.PytestPluginManager object at 0x7fd5975aefa0>
      finish pytest_plugin_registered --> [] [hook]
      pytest_plugin_registered [hook]
          plugin: <module '_pytest.tmpdir' from '/home/ddenk/.local/lib/python3.8/site-packages/_pytest/tmpdir.py'>
          manager: <_pytest.config.PytestPluginManager object at 0x7fd5975aefa0>
      finish pytest_plugin_registered --> [] [hook]
      pytest_plugin_registered [hook]
          plugin: <module '_pytest.monkeypatch' from '/home/ddenk/.local/lib/python3.8/site-packages/_pytest/monkeypatch.py'>
          manager: <_pytest.config.PytestPluginManager object at 0x7fd5975aefa0>
      finish pytest_plugin_registered --> [] [hook]
      pytest_plugin_registered [hook]
          plugin: <module '_pytest.recwarn' from '/home/ddenk/.local/lib/python3.8/site-packages/_pytest/recwarn.py'>
          manager: <_pytest.config.PytestPluginManager object at 0x7fd5975aefa0>
      finish pytest_plugin_registered --> [] [hook]
      pytest_plugin_registered [hook]
          plugin: <module '_pytest.pastebin' from '/home/ddenk/.local/lib/python3.8/site-packages/_pytest/pastebin.py'>
          manager: <_pytest.config.PytestPluginManager object at 0x7fd5975aefa0>
      finish pytest_plugin_registered --> [] [hook]
      pytest_plugin_registered [hook]
          plugin: <module '_pytest.nose' from '/home/ddenk/.local/lib/python3.8/site-packages/_pytest/nose.py'>
          manager: <_pytest.config.PytestPluginManager object at 0x7fd5975aefa0>
      finish pytest_plugin_registered --> [] [hook]
      pytest_plugin_registered [hook]
          plugin: <module '_pytest.assertion' from '/home/ddenk/.local/lib/python3.8/site-packages/_pytest/assertion/__init__.py'>
          manager: <_pytest.config.PytestPluginManager object at 0x7fd5975aefa0>
      finish pytest_plugin_registered --> [] [hook]
      pytest_plugin_registered [hook]
          plugin: <module '_pytest.junitxml' from '/home/ddenk/.local/lib/python3.8/site-packages/_pytest/junitxml.py'>
          manager: <_pytest.config.PytestPluginManager object at 0x7fd5975aefa0>
      finish pytest_plugin_registered --> [] [hook]
      pytest_plugin_registered [hook]
          plugin: <module '_pytest.doctest' from '/home/ddenk/.local/lib/python3.8/site-packages/_pytest/doctest.py'>
          manager: <_pytest.config.PytestPluginManager object at 0x7fd5975aefa0>
      finish pytest_plugin_registered --> [] [hook]
      pytest_plugin_registered [hook]
          plugin: <module '_pytest.freeze_support' from '/home/ddenk/.local/lib/python3.8/site-packages/_pytest/freeze_support.py'>
          manager: <_pytest.config.PytestPluginManager object at 0x7fd5975aefa0>
      finish pytest_plugin_registered --> [] [hook]
      pytest_plugin_registered [hook]
          plugin: <module '_pytest.setuponly' from '/home/ddenk/.local/lib/python3.8/site-packages/_pytest/setuponly.py'>
          manager: <_pytest.config.PytestPluginManager object at 0x7fd5975aefa0>
      finish pytest_plugin_registered --> [] [hook]
      pytest_plugin_registered [hook]
          plugin: <module '_pytest.setupplan' from '/home/ddenk/.local/lib/python3.8/site-packages/_pytest/setupplan.py'>
          manager: <_pytest.config.PytestPluginManager object at 0x7fd5975aefa0>
      finish pytest_plugin_registered --> [] [hook]
      pytest_plugin_registered [hook]
          plugin: <module '_pytest.warnings' from '/home/ddenk/.local/lib/python3.8/site-packages/_pytest/warnings.py'>
          manager: <_pytest.config.PytestPluginManager object at 0x7fd5975aefa0>
      finish pytest_plugin_registered --> [] [hook]
      pytest_plugin_registered [hook]
          plugin: <module '_pytest.logging' from '/home/ddenk/.local/lib/python3.8/site-packages/_pytest/logging.py'>
          manager: <_pytest.config.PytestPluginManager object at 0x7fd5975aefa0>
      finish pytest_plugin_registered --> [] [hook]
      pytest_plugin_registered [hook]
          plugin: <module '_pytest.reports' from '/home/ddenk/.local/lib/python3.8/site-packages/_pytest/reports.py'>
          manager: <_pytest.config.PytestPluginManager object at 0x7fd5975aefa0>
      finish pytest_plugin_registered --> [] [hook]
      pytest_plugin_registered [hook]
          plugin: <module '_pytest.python_path' from '/home/ddenk/.local/lib/python3.8/site-packages/_pytest/python_path.py'>
          manager: <_pytest.config.PytestPluginManager object at 0x7fd5975aefa0>
      finish pytest_plugin_registered --> [] [hook]
      pytest_plugin_registered [hook]
          plugin: <module '_pytest.unraisableexception' from '/home/ddenk/.local/lib/python3.8/site-packages/_pytest/unraisableexception.py'>
          manager: <_pytest.config.PytestPluginManager object at 0x7fd5975aefa0>
      finish pytest_plugin_registered --> [] [hook]
      pytest_plugin_registered [hook]
          plugin: <module '_pytest.threadexception' from '/home/ddenk/.local/lib/python3.8/site-packages/_pytest/threadexception.py'>
          manager: <_pytest.config.PytestPluginManager object at 0x7fd5975aefa0>
      finish pytest_plugin_registered --> [] [hook]
      pytest_plugin_registered [hook]
          plugin: <module '_pytest.faulthandler' from '/home/ddenk/.local/lib/python3.8/site-packages/_pytest/faulthandler.py'>
          manager: <_pytest.config.PytestPluginManager object at 0x7fd5975aefa0>
      finish pytest_plugin_registered --> [] [hook]
      pytest_plugin_registered [hook]
          plugin: <module 'testinfra.plugin' from '/home/ddenk/.local/lib/python3.8/site-packages/testinfra/plugin.py'>
          manager: <_pytest.config.PytestPluginManager object at 0x7fd5975aefa0>
      finish pytest_plugin_registered --> [] [hook]
      pytest_plugin_registered [hook]
          plugin: <CaptureManager _method='fd' _global_capturing=<MultiCapture out=<FDCapture 1 oldfd=5 _state='suspended' tmpfile=<_io.TextIOWrapper name="<_io.FileIO name=6 mode='rb+' closefd=True>" mode='r+' encoding='utf-8'>> err=<FDCapture 2 oldfd=7 _state='suspended' tmpfile=<_io.TextIOWrapper name="<_io.FileIO name=8 mode='rb+' closefd=True>" mode='r+' encoding='utf-8'>> in_=<FDCapture 0 oldfd=3 _state='started' tmpfile=<_io.TextIOWrapper name='/dev/null' mode='r' encoding='UTF-8'>> _state='suspended' _in_suspended=False> _capture_fixture=None>
          manager: <_pytest.config.PytestPluginManager object at 0x7fd5975aefa0>
      finish pytest_plugin_registered --> [] [hook]
      pytest_plugin_registered [hook]
          plugin: <Session ddenk exitstatus=<ExitCode.OK: 0> testsfailed=0 testscollected=0>
          manager: <_pytest.config.PytestPluginManager object at 0x7fd5975aefa0>
      finish pytest_plugin_registered --> [] [hook]
      pytest_plugin_registered [hook]
          plugin: <class '_pytest.legacypath.LegacyTmpdirPlugin'>
          manager: <_pytest.config.PytestPluginManager object at 0x7fd5975aefa0>
      finish pytest_plugin_registered --> [] [hook]
      pytest_plugin_registered [hook]
          plugin: <_pytest.terminal.TerminalReporter object at 0x7fd5973f8be0>
          manager: <_pytest.config.PytestPluginManager object at 0x7fd5975aefa0>
      finish pytest_plugin_registered --> [] [hook]
      pytest_plugin_registered [hook]
          plugin: <_pytest.logging.LoggingPlugin object at 0x7fd5973f85e0>
          manager: <_pytest.config.PytestPluginManager object at 0x7fd5975aefa0>
      finish pytest_plugin_registered --> [] [hook]
      pytest_plugin_registered [hook]
          plugin: <_pytest.fixtures.FixtureManager object at 0x7fd59745e2b0>
          manager: <_pytest.config.PytestPluginManager object at 0x7fd5975aefa0>
      finish pytest_plugin_registered --> [] [hook]
      pytest_report_header [hook]
          config: <_pytest.config.Config object at 0x7fd5974e7ee0>
          start_path: /home/ddenk/skillbox/docker-phpfpm-nginx/molecule/docker_phpfpm
          startdir: /home/ddenk/skillbox/docker-phpfpm-nginx/molecule/docker_phpfpm
      early skip of rewriting module: email.parser [assertion]
      early skip of rewriting module: email.feedparser [assertion]
      early skip of rewriting module: email.errors [assertion]
      early skip of rewriting module: email._policybase [assertion]
      early skip of rewriting module: email.header [assertion]
      early skip of rewriting module: email.quoprimime [assertion]
      early skip of rewriting module: email.base64mime [assertion]
      early skip of rewriting module: base64 [assertion]
      early skip of rewriting module: email.charset [assertion]
      early skip of rewriting module: email.encoders [assertion]
      early skip of rewriting module: quopri [assertion]
      early skip of rewriting module: email.utils [assertion]
      early skip of rewriting module: socket [assertion]
      early skip of rewriting module: _socket [assertion]
      early skip of rewriting module: email._parseaddr [assertion]
      early skip of rewriting module: calendar [assertion]
      early skip of rewriting module: email.message [assertion]
      early skip of rewriting module: uu [assertion]
      early skip of rewriting module: email._encoded_words [assertion]
      early skip of rewriting module: email.iterators [assertion]
      finish pytest_report_header --> [['rootdir: /home/ddenk', 'plugins: testinfra-6.8.0'], ['using: pytest-7.1.2', 'setuptools registered plugins:', '  pytest-testinfra-6.8.0 at /home/ddenk/.local/lib/python3.8/site-packages/testinfra/plugin.py']] [hook]
    finish pytest_sessionstart --> [] [hook]
    pytest_collection [hook]
        session: <Session ddenk exitstatus=<ExitCode.OK: 0> testsfailed=0 testscollected=0>
    perform_collect <Session ddenk exitstatus=<ExitCode.OK: 0> testsfailed=0 testscollected=0> ['/home/ddenk/skillbox/docker-phpfpm-nginx/molecule/docker_phpfpm/molecule/default/tests/test_default.py'] [collection]
        pytest_collectstart [hook]
            collector: <Session ddenk exitstatus=<ExitCode.OK: 0> testsfailed=0 testscollected=0>
        finish pytest_collectstart --> [] [hook]
        pytest_make_collect_report [hook]
            collector: <Session ddenk exitstatus=<ExitCode.OK: 0> testsfailed=0 testscollected=0>
        processing argument (PosixPath('/home/ddenk/skillbox/docker-phpfpm-nginx/molecule/docker_phpfpm/molecule/default/tests/test_default.py'), []) [collection]
            pytest_collect_file [hook]
                parent: <Session ddenk exitstatus=<ExitCode.OK: 0> testsfailed=0 testscollected=0>
                file_path: /home/ddenk/skillbox/docker-phpfpm-nginx/molecule/docker_phpfpm/molecule/default/tests/test_default.py
                path: /home/ddenk/skillbox/docker-phpfpm-nginx/molecule/docker_phpfpm/molecule/default/tests/test_default.py
              pytest_pycollect_makemodule [hook]
                  parent: <Session ddenk exitstatus=<ExitCode.OK: 0> testsfailed=0 testscollected=0>
                  module_path: /home/ddenk/skillbox/docker-phpfpm-nginx/molecule/docker_phpfpm/molecule/default/tests/test_default.py
                  path: /home/ddenk/skillbox/docker-phpfpm-nginx/molecule/docker_phpfpm/molecule/default/tests/test_default.py
              finish pytest_pycollect_makemodule --> <Module skillbox/docker-phpfpm-nginx/molecule/docker_phpfpm/molecule/default/tests/test_default.py> [hook]
            finish pytest_collect_file --> [<Module skillbox/docker-phpfpm-nginx/molecule/docker_phpfpm/molecule/default/tests/test_default.py>] [hook]
          matchnodes [<Module skillbox/docker-phpfpm-nginx/molecule/docker_phpfpm/molecule/default/tests/test_default.py>] [] [collection]
            matchnodes finished ->  1 nodes [collection]
        finish pytest_make_collect_report --> <CollectReport '' lenresult=1 outcome='passed'> [hook]
        pytest_collectreport [hook]
            report: <CollectReport '' lenresult=1 outcome='passed'>
        finish pytest_collectreport --> [] [hook]
    genitems <Module skillbox/docker-phpfpm-nginx/molecule/docker_phpfpm/molecule/default/tests/test_default.py> [collection]
      pytest_collectstart [hook]
          collector: <Module skillbox/docker-phpfpm-nginx/molecule/docker_phpfpm/molecule/default/tests/test_default.py>
      finish pytest_collectstart --> [] [hook]
      pytest_make_collect_report [hook]
          collector: <Module skillbox/docker-phpfpm-nginx/molecule/docker_phpfpm/molecule/default/tests/test_default.py>
      find_module called for: test_default [assertion]
      matched test file (was specified on cmdline): '/home/ddenk/skillbox/docker-phpfpm-nginx/molecule/docker_phpfpm/molecule/default/tests/test_default.py' [assertion]
      found cached rewritten pyc for /home/ddenk/skillbox/docker-phpfpm-nginx/molecule/docker_phpfpm/molecule/default/tests/test_default.py [assertion]
        pytest_pycollect_makeitem [hook]
            collector: <Module skillbox/docker-phpfpm-nginx/molecule/docker_phpfpm/molecule/default/tests/test_default.py>
            name: @py_builtins
            obj: <module 'builtins' (built-in)>
        finish pytest_pycollect_makeitem --> None [hook]
        pytest_pycollect_makeitem [hook]
            collector: <Module skillbox/docker-phpfpm-nginx/molecule/docker_phpfpm/molecule/default/tests/test_default.py>
            name: @pytest_ar
            obj: <module '_pytest.assertion.rewrite' from '/home/ddenk/.local/lib/python3.8/site-packages/_pytest/assertion/rewrite.py'>
        finish pytest_pycollect_makeitem --> None [hook]
        pytest_pycollect_makeitem [hook]
            collector: <Module skillbox/docker-phpfpm-nginx/molecule/docker_phpfpm/molecule/default/tests/test_default.py>
            name: os
            obj: <module 'os' from '/usr/lib/python3.8/os.py'>
        finish pytest_pycollect_makeitem --> None [hook]
        pytest_pycollect_makeitem [hook]
            collector: <Module skillbox/docker-phpfpm-nginx/molecule/docker_phpfpm/molecule/default/tests/test_default.py>
            name: pytest
            obj: <module 'pytest' from '/home/ddenk/.local/lib/python3.8/site-packages/pytest/__init__.py'>
        finish pytest_pycollect_makeitem --> None [hook]
        pytest_pycollect_makeitem [hook]
            collector: <Module skillbox/docker-phpfpm-nginx/molecule/docker_phpfpm/molecule/default/tests/test_default.py>
            name: testinfra
            obj: <module 'testinfra' from '/home/ddenk/.local/lib/python3.8/site-packages/testinfra/__init__.py'>
        finish pytest_pycollect_makeitem --> None [hook]
        pytest_pycollect_makeitem [hook]
            collector: <Module skillbox/docker-phpfpm-nginx/molecule/docker_phpfpm/molecule/default/tests/test_default.py>
            name: test_os_release
            obj: <function test_os_release at 0x7fd597335af0>
          pytest_generate_tests [hook]
              metafunc: <_pytest.python.Metafunc object at 0x7fd59732ed90>
          matched marked file 'testinfra.backend.ansible' (from 'testinfra') [assertion]
          find_module called for: testinfra.backend.ansible [assertion]
          found cached rewritten pyc for /home/ddenk/.local/lib/python3.8/site-packages/testinfra/backend/ansible.py [assertion]
          matched marked file 'testinfra.backend.base' (from 'testinfra') [assertion]
          find_module called for: testinfra.backend.base [assertion]
          found cached rewritten pyc for /home/ddenk/.local/lib/python3.8/site-packages/testinfra/backend/base.py [assertion]
          matched marked file 'testinfra.utils' (from 'testinfra') [assertion]
          find_module called for: testinfra.utils [assertion]
          found cached rewritten pyc for /home/ddenk/.local/lib/python3.8/site-packages/testinfra/utils/__init__.py [assertion]
          matched marked file 'testinfra.utils.ansible_runner' (from 'testinfra') [assertion]
          find_module called for: testinfra.utils.ansible_runner [assertion]
          found cached rewritten pyc for /home/ddenk/.local/lib/python3.8/site-packages/testinfra/utils/ansible_runner.py [assertion]
          early skip of rewriting module: ipaddress [assertion]
          matched marked file 'testinfra.backend.local' (from 'testinfra') [assertion]
          find_module called for: testinfra.backend.local [assertion]
          found cached rewritten pyc for /home/ddenk/.local/lib/python3.8/site-packages/testinfra/backend/local.py [assertion]
          early skip of rewriting module: encodings.unicode_escape [assertion]
          finish pytest_generate_tests --> [] [hook]
        finish pytest_pycollect_makeitem --> [<Function test_os_release[ansible://instance]>] [hook]
        pytest_pycollect_makeitem [hook]
            collector: <Module skillbox/docker-phpfpm-nginx/molecule/docker_phpfpm/molecule/default/tests/test_default.py>
            name: test_nginx_is_installed
            obj: <function test_nginx_is_installed at 0x7fd597335a60>
          pytest_generate_tests [hook]
              metafunc: <_pytest.python.Metafunc object at 0x7fd59732ef10>
          finish pytest_generate_tests --> [] [hook]
        finish pytest_pycollect_makeitem --> [<Function test_nginx_is_installed[ansible://instance]>] [hook]
      finish pytest_make_collect_report --> <CollectReport 'skillbox/docker-phpfpm-nginx/molecule/docker_phpfpm/molecule/default/tests/test_default.py' lenresult=2 outcome='passed'> [hook]
    genitems <Function test_os_release[ansible://instance]> [collection]
      pytest_itemcollected [hook]
          item: <Function test_os_release[ansible://instance]>
      finish pytest_itemcollected --> [] [hook]
    genitems <Function test_nginx_is_installed[ansible://instance]> [collection]
      pytest_itemcollected [hook]
          item: <Function test_nginx_is_installed[ansible://instance]>
      finish pytest_itemcollected --> [] [hook]
      pytest_collectreport [hook]
          report: <CollectReport 'skillbox/docker-phpfpm-nginx/molecule/docker_phpfpm/molecule/default/tests/test_default.py' lenresult=2 outcome='passed'>
      finish pytest_collectreport --> [] [hook]
      pytest_collection_modifyitems [hook]
          session: <Session ddenk exitstatus=<ExitCode.OK: 0> testsfailed=0 testscollected=0>
          config: <_pytest.config.Config object at 0x7fd5974e7ee0>
          items: [<Function test_os_release[ansible://instance]>, <Function test_nginx_is_installed[ansible://instance]>]
      finish pytest_collection_modifyitems --> [] [hook]
      pytest_collection_finish [hook]
          session: <Session ddenk exitstatus=<ExitCode.OK: 0> testsfailed=0 testscollected=0>
        pytest_report_collectionfinish [hook]
            config: <_pytest.config.Config object at 0x7fd5974e7ee0>
            items: [<Function test_os_release[ansible://instance]>, <Function test_nginx_is_installed[ansible://instance]>]
            start_path: /home/ddenk/skillbox/docker-phpfpm-nginx/molecule/docker_phpfpm
            startdir: /home/ddenk/skillbox/docker-phpfpm-nginx/molecule/docker_phpfpm
        finish pytest_report_collectionfinish --> [] [hook]
      finish pytest_collection_finish --> [] [hook]
    finish pytest_collection --> None [hook]
    pytest_runtestloop [hook]
        session: <Session ddenk exitstatus=<ExitCode.OK: 0> testsfailed=0 testscollected=2>
      pytest_runtest_protocol [hook]
          item: <Function test_os_release[ansible://instance]>
          nextitem: <Function test_nginx_is_installed[ansible://instance]>
        pytest_runtest_logstart [hook]
            nodeid: skillbox/docker-phpfpm-nginx/molecule/docker_phpfpm/molecule/default/tests/test_default.py::test_os_release[ansible://instance]
            location: ('skillbox/docker-phpfpm-nginx/molecule/docker_phpfpm/molecule/default/tests/test_default.py', 4, 'test_os_release[ansible://instance]')
        finish pytest_runtest_logstart --> [] [hook]
        pytest_runtest_setup [hook]
            item: <Function test_os_release[ansible://instance]>
          pytest_fixture_setup [hook]
              fixturedef: <FixtureDef argname='_testinfra_host' scope='module' baseid=''>
              request: <SubRequest '_testinfra_host' for <Function test_os_release[ansible://instance]>>
          finish pytest_fixture_setup --> <testinfra.host.Host ansible://instance> [hook]
          pytest_fixture_setup [hook]
              fixturedef: <FixtureDef argname='host' scope='module' baseid=''>
              request: <SubRequest 'host' for <Function test_os_release[ansible://instance]>>
          finish pytest_fixture_setup --> <testinfra.host.Host ansible://instance> [hook]
        finish pytest_runtest_setup --> [] [hook]
        pytest_runtest_makereport [hook]
            item: <Function test_os_release[ansible://instance]>
            call: <CallInfo when='setup' result: []>
        finish pytest_runtest_makereport --> <TestReport 'skillbox/docker-phpfpm-nginx/molecule/docker_phpfpm/molecule/default/tests/test_default.py::test_os_release[ansible://instance]' when='setup' outcome='passed'> [hook]
        pytest_runtest_logreport [hook]
            report: <TestReport 'skillbox/docker-phpfpm-nginx/molecule/docker_phpfpm/molecule/default/tests/test_default.py::test_os_release[ansible://instance]' when='setup' outcome='passed'>
          pytest_report_teststatus [hook]
              report: <TestReport 'skillbox/docker-phpfpm-nginx/molecule/docker_phpfpm/molecule/default/tests/test_default.py::test_os_release[ansible://instance]' when='setup' outcome='passed'>
              config: <_pytest.config.Config object at 0x7fd5974e7ee0>
          finish pytest_report_teststatus --> ('', '', '') [hook]
        finish pytest_runtest_logreport --> [] [hook]
        pytest_runtest_call [hook]
            item: <Function test_os_release[ansible://instance]>
          pytest_pyfunc_call [hook]
              pyfuncitem: <Function test_os_release[ansible://instance]>
          matched marked file 'testinfra.modules.file' (from 'testinfra') [assertion]
          find_module called for: testinfra.modules.file [assertion]
          found cached rewritten pyc for /home/ddenk/.local/lib/python3.8/site-packages/testinfra/modules/file.py [assertion]
          matched marked file 'testinfra.modules.base' (from 'testinfra') [assertion]
          find_module called for: testinfra.modules.base [assertion]
          found cached rewritten pyc for /home/ddenk/.local/lib/python3.8/site-packages/testinfra/modules/base.py [assertion]
          matched marked file 'testinfra.modules.systeminfo' (from 'testinfra') [assertion]
          find_module called for: testinfra.modules.systeminfo [assertion]
          found cached rewritten pyc for /home/ddenk/.local/lib/python3.8/site-packages/testinfra/modules/systeminfo.py [assertion]
          matched marked file 'testinfra.backend.docker' (from 'testinfra') [assertion]
          find_module called for: testinfra.backend.docker [assertion]
          found cached rewritten pyc for /home/ddenk/.local/lib/python3.8/site-packages/testinfra/backend/docker.py [assertion]
        pytest_runtest_makereport [hook]
            item: <Function test_os_release[ansible://instance]>
            call: <CallInfo when='call' excinfo=<ExceptionInfo AssertionError("assert False\n +  where False = <bound method File.contains of <file /etc/os-release>>('Alpine Linux')...c.GNUFile'>('/etc/os-release')\n +        where <class 'abc.GNUFile'> = <testinfra.host.Host ansible://instance>.file") tblen=25>>
        finish pytest_runtest_makereport --> <TestReport 'skillbox/docker-phpfpm-nginx/molecule/docker_phpfpm/molecule/default/tests/test_default.py::test_os_release[ansible://instance]' when='call' outcome='failed'> [hook]
        pytest_runtest_logreport [hook]
            report: <TestReport 'skillbox/docker-phpfpm-nginx/molecule/docker_phpfpm/molecule/default/tests/test_default.py::test_os_release[ansible://instance]' when='call' outcome='failed'>
          pytest_report_teststatus [hook]
              report: <TestReport 'skillbox/docker-phpfpm-nginx/molecule/docker_phpfpm/molecule/default/tests/test_default.py::test_os_release[ansible://instance]' when='call' outcome='failed'>
              config: <_pytest.config.Config object at 0x7fd5974e7ee0>
          finish pytest_report_teststatus --> ('failed', 'F', 'FAILED') [hook]
        finish pytest_runtest_logreport --> [] [hook]
        pytest_exception_interact [hook]
            node: <Function test_os_release[ansible://instance]>
            call: <CallInfo when='call' excinfo=<ExceptionInfo AssertionError("assert False\n +  where False = <bound method File.contains of <file /etc/os-release>>('Alpine Linux')...c.GNUFile'>('/etc/os-release')\n +        where <class 'abc.GNUFile'> = <testinfra.host.Host ansible://instance>.file") tblen=1>>
            report: <TestReport 'skillbox/docker-phpfpm-nginx/molecule/docker_phpfpm/molecule/default/tests/test_default.py::test_os_release[ansible://instance]' when='call' outcome='failed'>
        finish pytest_exception_interact --> [] [hook]
        pytest_runtest_teardown [hook]
            item: <Function test_os_release[ansible://instance]>
            nextitem: <Function test_nginx_is_installed[ansible://instance]>
        finish pytest_runtest_teardown --> [] [hook]
        pytest_runtest_makereport [hook]
            item: <Function test_os_release[ansible://instance]>
            call: <CallInfo when='teardown' result: []>
        finish pytest_runtest_makereport --> <TestReport 'skillbox/docker-phpfpm-nginx/molecule/docker_phpfpm/molecule/default/tests/test_default.py::test_os_release[ansible://instance]' when='teardown' outcome='passed'> [hook]
        pytest_runtest_logreport [hook]
            report: <TestReport 'skillbox/docker-phpfpm-nginx/molecule/docker_phpfpm/molecule/default/tests/test_default.py::test_os_release[ansible://instance]' when='teardown' outcome='passed'>
          pytest_report_teststatus [hook]
              report: <TestReport 'skillbox/docker-phpfpm-nginx/molecule/docker_phpfpm/molecule/default/tests/test_default.py::test_os_release[ansible://instance]' when='teardown' outcome='passed'>
              config: <_pytest.config.Config object at 0x7fd5974e7ee0>
          finish pytest_report_teststatus --> ('', '', '') [hook]
        finish pytest_runtest_logreport --> [] [hook]
        pytest_runtest_logfinish [hook]
            nodeid: skillbox/docker-phpfpm-nginx/molecule/docker_phpfpm/molecule/default/tests/test_default.py::test_os_release[ansible://instance]
            location: ('skillbox/docker-phpfpm-nginx/molecule/docker_phpfpm/molecule/default/tests/test_default.py', 4, 'test_os_release[ansible://instance]')
        finish pytest_runtest_logfinish --> [] [hook]
      finish pytest_runtest_protocol --> True [hook]
      pytest_runtest_protocol [hook]
          item: <Function test_nginx_is_installed[ansible://instance]>
          nextitem: None
        pytest_runtest_logstart [hook]
            nodeid: skillbox/docker-phpfpm-nginx/molecule/docker_phpfpm/molecule/default/tests/test_default.py::test_nginx_is_installed[ansible://instance]
            location: ('skillbox/docker-phpfpm-nginx/molecule/docker_phpfpm/molecule/default/tests/test_default.py', 7, 'test_nginx_is_installed[ansible://instance]')
        finish pytest_runtest_logstart --> [] [hook]
        pytest_runtest_setup [hook]
            item: <Function test_nginx_is_installed[ansible://instance]>
        finish pytest_runtest_setup --> [] [hook]
        pytest_runtest_makereport [hook]
            item: <Function test_nginx_is_installed[ansible://instance]>
            call: <CallInfo when='setup' result: []>
        finish pytest_runtest_makereport --> <TestReport 'skillbox/docker-phpfpm-nginx/molecule/docker_phpfpm/molecule/default/tests/test_default.py::test_nginx_is_installed[ansible://instance]' when='setup' outcome='passed'> [hook]
        pytest_runtest_logreport [hook]
            report: <TestReport 'skillbox/docker-phpfpm-nginx/molecule/docker_phpfpm/molecule/default/tests/test_default.py::test_nginx_is_installed[ansible://instance]' when='setup' outcome='passed'>
          pytest_report_teststatus [hook]
              report: <TestReport 'skillbox/docker-phpfpm-nginx/molecule/docker_phpfpm/molecule/default/tests/test_default.py::test_nginx_is_installed[ansible://instance]' when='setup' outcome='passed'>
              config: <_pytest.config.Config object at 0x7fd5974e7ee0>
          finish pytest_report_teststatus --> ('', '', '') [hook]
        finish pytest_runtest_logreport --> [] [hook]
        pytest_runtest_call [hook]
            item: <Function test_nginx_is_installed[ansible://instance]>
          pytest_pyfunc_call [hook]
              pyfuncitem: <Function test_nginx_is_installed[ansible://instance]>
          matched marked file 'testinfra.modules.package' (from 'testinfra') [assertion]
          find_module called for: testinfra.modules.package [assertion]
          found cached rewritten pyc for /home/ddenk/.local/lib/python3.8/site-packages/testinfra/modules/package.py [assertion]
        pytest_runtest_makereport [hook]
            item: <Function test_nginx_is_installed[ansible://instance]>
            call: <CallInfo when='call' excinfo=<ExceptionInfo AssertionError("assert False\n +  where False = <built-in method startswith of str object at 0x7fd5972bfcb0>('1.16.1')...d startswith of str object at 0x7fd5972bfcb0> = '1.14.1'.startswith\n +      where '1.14.1' = <package nginx>.version") tblen=25>>
        finish pytest_runtest_makereport --> <TestReport 'skillbox/docker-phpfpm-nginx/molecule/docker_phpfpm/molecule/default/tests/test_default.py::test_nginx_is_installed[ansible://instance]' when='call' outcome='failed'> [hook]
        pytest_runtest_logreport [hook]
            report: <TestReport 'skillbox/docker-phpfpm-nginx/molecule/docker_phpfpm/molecule/default/tests/test_default.py::test_nginx_is_installed[ansible://instance]' when='call' outcome='failed'>
          pytest_report_teststatus [hook]
              report: <TestReport 'skillbox/docker-phpfpm-nginx/molecule/docker_phpfpm/molecule/default/tests/test_default.py::test_nginx_is_installed[ansible://instance]' when='call' outcome='failed'>
              config: <_pytest.config.Config object at 0x7fd5974e7ee0>
          finish pytest_report_teststatus --> ('failed', 'F', 'FAILED') [hook]
        finish pytest_runtest_logreport --> [] [hook]
        pytest_exception_interact [hook]
            node: <Function test_nginx_is_installed[ansible://instance]>
            call: <CallInfo when='call' excinfo=<ExceptionInfo AssertionError("assert False\n +  where False = <built-in method startswith of str object at 0x7fd5972bfcb0>('1.16.1')...d startswith of str object at 0x7fd5972bfcb0> = '1.14.1'.startswith\n +      where '1.14.1' = <package nginx>.version") tblen=1>>
            report: <TestReport 'skillbox/docker-phpfpm-nginx/molecule/docker_phpfpm/molecule/default/tests/test_default.py::test_nginx_is_installed[ansible://instance]' when='call' outcome='failed'>
        finish pytest_exception_interact --> [] [hook]
        pytest_runtest_teardown [hook]
            item: <Function test_nginx_is_installed[ansible://instance]>
            nextitem: None
          pytest_fixture_post_finalizer [hook]
              fixturedef: <FixtureDef argname='host' scope='module' baseid=''>
              request: <SubRequest 'host' for <Function test_nginx_is_installed[ansible://instance]>>
          finish pytest_fixture_post_finalizer --> [] [hook]
          pytest_fixture_post_finalizer [hook]
              fixturedef: <FixtureDef argname='host' scope='module' baseid=''>
              request: <SubRequest 'host' for <Function test_nginx_is_installed[ansible://instance]>>
          finish pytest_fixture_post_finalizer --> [] [hook]
          pytest_fixture_post_finalizer [hook]
              fixturedef: <FixtureDef argname='host' scope='module' baseid=''>
              request: <SubRequest 'host' for <Function test_os_release[ansible://instance]>>
          finish pytest_fixture_post_finalizer --> [] [hook]
          pytest_fixture_post_finalizer [hook]
              fixturedef: <FixtureDef argname='_testinfra_host' scope='module' baseid=''>
              request: <SubRequest '_testinfra_host' for <Function test_nginx_is_installed[ansible://instance]>>
          finish pytest_fixture_post_finalizer --> [] [hook]
          pytest_fixture_post_finalizer [hook]
              fixturedef: <FixtureDef argname='host' scope='module' baseid=''>
              request: <SubRequest 'host' for <Function test_os_release[ansible://instance]>>
          finish pytest_fixture_post_finalizer --> [] [hook]
          pytest_fixture_post_finalizer [hook]
              fixturedef: <FixtureDef argname='_testinfra_host' scope='module' baseid=''>
              request: <SubRequest '_testinfra_host' for <Function test_os_release[ansible://instance]>>
          finish pytest_fixture_post_finalizer --> [] [hook]
        finish pytest_runtest_teardown --> [] [hook]
        pytest_runtest_makereport [hook]
            item: <Function test_nginx_is_installed[ansible://instance]>
            call: <CallInfo when='teardown' result: []>
        finish pytest_runtest_makereport --> <TestReport 'skillbox/docker-phpfpm-nginx/molecule/docker_phpfpm/molecule/default/tests/test_default.py::test_nginx_is_installed[ansible://instance]' when='teardown' outcome='passed'> [hook]
        pytest_runtest_logreport [hook]
            report: <TestReport 'skillbox/docker-phpfpm-nginx/molecule/docker_phpfpm/molecule/default/tests/test_default.py::test_nginx_is_installed[ansible://instance]' when='teardown' outcome='passed'>
          pytest_report_teststatus [hook]
              report: <TestReport 'skillbox/docker-phpfpm-nginx/molecule/docker_phpfpm/molecule/default/tests/test_default.py::test_nginx_is_installed[ansible://instance]' when='teardown' outcome='passed'>
              config: <_pytest.config.Config object at 0x7fd5974e7ee0>
          finish pytest_report_teststatus --> ('', '', '') [hook]
        finish pytest_runtest_logreport --> [] [hook]
        pytest_runtest_logfinish [hook]
            nodeid: skillbox/docker-phpfpm-nginx/molecule/docker_phpfpm/molecule/default/tests/test_default.py::test_nginx_is_installed[ansible://instance]
            location: ('skillbox/docker-phpfpm-nginx/molecule/docker_phpfpm/molecule/default/tests/test_default.py', 7, 'test_nginx_is_installed[ansible://instance]')
        finish pytest_runtest_logfinish --> [] [hook]
      finish pytest_runtest_protocol --> True [hook]
    finish pytest_runtestloop --> True [hook]
    pytest_sessionfinish [hook]
        session: <Session ddenk exitstatus=<ExitCode.TESTS_FAILED: 1> testsfailed=2 testscollected=2>
        exitstatus: 1
      pytest_terminal_summary [hook]
          terminalreporter: <_pytest.terminal.TerminalReporter object at 0x7fd5973f8be0>
          exitstatus: 1
          config: <_pytest.config.Config object at 0x7fd5974e7ee0>
        pytest_report_teststatus [hook]
            report: <TestReport 'skillbox/docker-phpfpm-nginx/molecule/docker_phpfpm/molecule/default/tests/test_default.py::test_os_release[ansible://instance]' when='call' outcome='failed'>
            config: <_pytest.config.Config object at 0x7fd5974e7ee0>
        finish pytest_report_teststatus --> ('failed', 'F', 'FAILED') [hook]
        pytest_report_teststatus [hook]
            report: <TestReport 'skillbox/docker-phpfpm-nginx/molecule/docker_phpfpm/molecule/default/tests/test_default.py::test_nginx_is_installed[ansible://instance]' when='call' outcome='failed'>
            config: <_pytest.config.Config object at 0x7fd5974e7ee0>
        finish pytest_report_teststatus --> ('failed', 'F', 'FAILED') [hook]
      finish pytest_terminal_summary --> [] [hook]
    finish pytest_sessionfinish --> [] [hook]
    pytest_unconfigure [hook]
        config: <_pytest.config.Config object at 0x7fd5974e7ee0>
    finish pytest_unconfigure --> [] [hook]
